# JRE version: OpenJDK Runtime Environment Zulu21.30+15-CA (21.0.1+12) (build 21.0.1+12-LTS)
# Java VM: OpenJDK 64-Bit Server VM Zulu21.30+15-CA (21.0.1+12-LTS, mixed mode, sharing, tiered, compressed oops, compressed class ptrs, g1 gc, windows-amd64)
GC Precious Log:
 CardTable entry size: 512
 Card Set container configuration: InlinePtr #cards 4 size 8 Array Of Cards #cards 16 size 48 Howl #buckets 8 coarsen threshold 3686 Howl Bitmap #cards 512 size 80 coarsen threshold 460 Card regions per heap region 1 cards per card region 4096
 CPUs: 20 total, 20 available
 Memory: 16124M
 Large Page Support: Disabled
 NUMA Support: Disabled
 Compressed Oops: Enabled (Zero based)
 Heap Region Size: 2M
 Heap Min Capacity: 8M
 Heap Initial Capacity: 8M
 Heap Max Capacity: 4032M
 Pre-touch: Disabled
 Parallel Workers: 15
 Concurrent Workers: 4
 Concurrent Refinement Workers: 15
 Periodic GC: Disabled
Heap:
 garbage-first heap   total 10240K, used 3965K [0x0000000704000000, 0x0000000800000000)
  region size 2048K, 1 young (2048K), 1 survivors (2048K)
 Metaspace       used 8780K, committed 8896K, reserved 1114112K
  class space    used 967K, committed 1024K, reserved 1048576K
GC Heap History (9 events):
Event: 0.112 GC heap before
{Heap before GC invocations=0 (full 0):
 garbage-first heap   total 8192K, used 2048K [0x0000000704000000, 0x0000000800000000)
  region size 2048K, 1 young (2048K), 0 survivors (0K)
 Metaspace       used 1043K, committed 1216K, reserved 1114112K
  class space    used 111K, committed 192K, reserved 1048576K
}
Event: 0.114 GC heap after
{Heap after GC invocations=1 (full 0):
 garbage-first heap   total 8192K, used 1200K [0x0000000704000000, 0x0000000800000000)
  region size 2048K, 1 young (2048K), 1 survivors (2048K)
 Metaspace       used 1043K, committed 1216K, reserved 1114112K
  class space    used 111K, committed 192K, reserved 1048576K
}
Event: 0.226 GC heap before
{Heap before GC invocations=1 (full 0):
 garbage-first heap   total 8192K, used 1200K [0x0000000704000000, 0x0000000800000000)
  region size 2048K, 2 young (4096K), 1 survivors (2048K)
 Metaspace       used 3175K, committed 3392K, reserved 1114112K
  class space    used 395K, committed 512K, reserved 1048576K
}
Event: 0.228 GC heap after
{Heap after GC invocations=2 (full 0):
 garbage-first heap   total 8192K, used 1589K [0x0000000704000000, 0x0000000800000000)
  region size 2048K, 1 young (2048K), 1 survivors (2048K)
 Metaspace       used 3175K, committed 3392K, reserved 1114112K
  class space    used 395K, committed 512K, reserved 1048576K
}
Event: 0.334 GC heap before
{Heap before GC invocations=2 (full 0):
 garbage-first heap   total 8192K, used 1589K [0x0000000704000000, 0x0000000800000000)
  region size 2048K, 2 young (4096K), 1 survivors (2048K)
 Metaspace       used 7022K, committed 7232K, reserved 1114112K
  class space    used 824K, committed 896K, reserved 1048576K
}
Event: 0.338 GC heap after
{Heap after GC invocations=3 (full 0):
 garbage-first heap   total 8192K, used 2508K [0x0000000704000000, 0x0000000800000000)
  region size 2048K, 1 young (2048K), 1 survivors (2048K)
 Metaspace       used 7022K, committed 7232K, reserved 1114112K
  class space    used 824K, committed 896K, reserved 1048576K
}
Event: 0.415 GC heap before
{Heap before GC invocations=3 (full 0):
 garbage-first heap   total 8192K, used 4556K [0x0000000704000000, 0x0000000800000000)
  region size 2048K, 2 young (4096K), 1 survivors (2048K)
 Metaspace       used 8225K, committed 8448K, reserved 1114112K
  class space    used 905K, committed 1024K, reserved 1048576K
}
Event: 0.417 GC heap after
{Heap after GC invocations=4 (full 0):
 garbage-first heap   total 10240K, used 3217K [0x0000000704000000, 0x0000000800000000)
  region size 2048K, 1 young (2048K), 1 survivors (2048K)
 Metaspace       used 8225K, committed 8448K, reserved 1114112K
  class space    used 905K, committed 1024K, reserved 1048576K
}
Event: 0.467 GC heap before
{Heap before GC invocations=4 (full 0):
 garbage-first heap   total 10240K, used 3217K [0x0000000704000000, 0x0000000800000000)
  region size 2048K, 2 young (4096K), 1 survivors (2048K)
 Metaspace       used 8780K, committed 8896K, reserved 1114112K
  class space    used 967K, committed 1024K, reserved 1048576K
}

